29-Mar-2020 14:21:15.364  ERROR  [main] com.infy.utility.LoggingAspect [logServiceException] - Service.CUSTOMER_UNAVAILABLE
java.lang.Exception: Service.CUSTOMER_UNAVAILABLE
	at com.infy.service.CustomerServiceImpl.getCustomer(CustomerServiceImpl.java:22)
	at com.infy.service.CustomerServiceImpl$$FastClassBySpringCGLIB$$5a044175.invoke(<generated>)
	at org.springframework.cglib.proxy.MethodProxy.invoke(MethodProxy.java:218)
	at org.springframework.aop.framework.CglibAopProxy$CglibMethodInvocation.invokeJoinpoint(CglibAopProxy.java:749)
	at org.springframework.aop.framework.ReflectiveMethodInvocation.proceed(ReflectiveMethodInvocation.java:163)
	at org.springframework.aop.aspectj.AspectJAfterThrowingAdvice.invoke(AspectJAfterThrowingAdvice.java:62)
	at org.springframework.aop.framework.ReflectiveMethodInvocation.proceed(ReflectiveMethodInvocation.java:186)
	at org.springframework.transaction.interceptor.TransactionAspectSupport.invokeWithinTransaction(TransactionAspectSupport.java:294)
	at org.springframework.transaction.interceptor.TransactionInterceptor.invoke(TransactionInterceptor.java:98)
	at org.springframework.aop.framework.ReflectiveMethodInvocation.proceed(ReflectiveMethodInvocation.java:186)
	at org.springframework.aop.interceptor.ExposeInvocationInterceptor.invoke(ExposeInvocationInterceptor.java:93)
	at org.springframework.aop.framework.ReflectiveMethodInvocation.proceed(ReflectiveMethodInvocation.java:186)
	at org.springframework.aop.framework.CglibAopProxy$DynamicAdvisedInterceptor.intercept(CglibAopProxy.java:688)
	at com.infy.service.CustomerServiceImpl$$EnhancerBySpringCGLIB$$63b93c2d.getCustomer(<generated>)
	at com.infy.DemoSpringBootJPACRUDApplication.getCustomer(DemoSpringBootJPACRUDApplication.java:59)
	at com.infy.DemoSpringBootJPACRUDApplication.run(DemoSpringBootJPACRUDApplication.java:30)
	at org.springframework.boot.SpringApplication.callRunner(SpringApplication.java:813)
	at org.springframework.boot.SpringApplication.callRunners(SpringApplication.java:797)
	at org.springframework.boot.SpringApplication.run(SpringApplication.java:324)
	at org.springframework.boot.SpringApplication.run(SpringApplication.java:1260)
	at org.springframework.boot.SpringApplication.run(SpringApplication.java:1248)
	at com.infy.DemoSpringBootJPACRUDApplication.main(DemoSpringBootJPACRUDApplication.java:23)

08-Apr-2020 18:57:56.971  ERROR  [main] com.infy.utility.LoggingAspect [logServiceException] - Service.CUSTOMER_UNAVAILABLE
java.lang.Exception: Service.CUSTOMER_UNAVAILABLE
	at com.infy.service.CustomerServiceImpl.getCustomer(CustomerServiceImpl.java:22)
	at com.infy.service.CustomerServiceImpl$$FastClassBySpringCGLIB$$5a044175.invoke(<generated>)
	at org.springframework.cglib.proxy.MethodProxy.invoke(MethodProxy.java:218)
	at org.springframework.aop.framework.CglibAopProxy$CglibMethodInvocation.invokeJoinpoint(CglibAopProxy.java:749)
	at org.springframework.aop.framework.ReflectiveMethodInvocation.proceed(ReflectiveMethodInvocation.java:163)
	at org.springframework.aop.aspectj.AspectJAfterThrowingAdvice.invoke(AspectJAfterThrowingAdvice.java:62)
	at org.springframework.aop.framework.ReflectiveMethodInvocation.proceed(ReflectiveMethodInvocation.java:186)
	at org.springframework.transaction.interceptor.TransactionAspectSupport.invokeWithinTransaction(TransactionAspectSupport.java:294)
	at org.springframework.transaction.interceptor.TransactionInterceptor.invoke(TransactionInterceptor.java:98)
	at org.springframework.aop.framework.ReflectiveMethodInvocation.proceed(ReflectiveMethodInvocation.java:186)
	at org.springframework.aop.interceptor.ExposeInvocationInterceptor.invoke(ExposeInvocationInterceptor.java:93)
	at org.springframework.aop.framework.ReflectiveMethodInvocation.proceed(ReflectiveMethodInvocation.java:186)
	at org.springframework.aop.framework.CglibAopProxy$DynamicAdvisedInterceptor.intercept(CglibAopProxy.java:688)
	at com.infy.service.CustomerServiceImpl$$EnhancerBySpringCGLIB$$a75960aa.getCustomer(<generated>)
	at com.infy.DemoSpringBootJPACRUDApplication.getCustomer(DemoSpringBootJPACRUDApplication.java:59)
	at com.infy.DemoSpringBootJPACRUDApplication.run(DemoSpringBootJPACRUDApplication.java:30)
	at org.springframework.boot.SpringApplication.callRunner(SpringApplication.java:813)
	at org.springframework.boot.SpringApplication.callRunners(SpringApplication.java:797)
	at org.springframework.boot.SpringApplication.run(SpringApplication.java:324)
	at org.springframework.boot.SpringApplication.run(SpringApplication.java:1260)
	at org.springframework.boot.SpringApplication.run(SpringApplication.java:1248)
	at com.infy.DemoSpringBootJPACRUDApplication.main(DemoSpringBootJPACRUDApplication.java:23)

